Using pre-set license
Built from '2020.2/release' branch; Version is '2020.2.1f1 (270dd8c3da1c) revision 2559448'; Using compiler version '192528614'; Build Type 'Release'
OS: 'Windows 10  (10.0.0) 64bit' Language: 'es' Physical Memory: 16332 MB
BatchMode: 1, IsHumanControllingUs: 0, StartBugReporterOnCrash: 0, Is64bit: 1, IsPro: 0

 COMMAND LINE ARGUMENTS:
C:\Program Files\Unity\Hub\Editor\2020.2.1f1\Editor\Unity.exe
-adb2
-batchMode
-noUpm
-name
AssetImportWorker0
-projectPath
C:/Users/juane/Documents/DEVELOPER/UNITY/PROJECTS/PERSONAL/JUMPERGAME_ARDUINO_2
-logFile
Logs/AssetImportWorker0.log
-srvPort
50729
Successfully changed project path to: C:/Users/juane/Documents/DEVELOPER/UNITY/PROJECTS/PERSONAL/JUMPERGAME_ARDUINO_2
C:/Users/juane/Documents/DEVELOPER/UNITY/PROJECTS/PERSONAL/JUMPERGAME_ARDUINO_2
Using Asset Import Pipeline V2.
Refreshing native plugins compatible for Editor in 25.35 ms, found 0 plugins.
Preloading 0 native plugins for Editor in 0.00 ms.
Initialize engine version: 2020.2.1f1 (270dd8c3da1c)
[Subsystems] Discovering subsystems at path C:/Program Files/Unity/Hub/Editor/2020.2.1f1/Editor/Data/Resources/UnitySubsystems
[Subsystems] Discovering subsystems at path C:/Users/juane/Documents/DEVELOPER/UNITY/PROJECTS/PERSONAL/JUMPERGAME_ARDUINO_2/Assets
GfxDevice: creating device client; threaded=0
Direct3D:
    Version:  Direct3D 11.0 [level 11.1]
    Renderer: NVIDIA GeForce GTX 1660 SUPER (ID=0x21c4)
    Vendor:   
    VRAM:     5991 MB
    Driver:   27.21.14.6589
Initialize mono
Mono path[0] = 'C:/Program Files/Unity/Hub/Editor/2020.2.1f1/Editor/Data/Managed'
Mono path[1] = 'C:/Program Files/Unity/Hub/Editor/2020.2.1f1/Editor/Data/MonoBleedingEdge/lib/mono/unityjit'
Mono config path = 'C:/Program Files/Unity/Hub/Editor/2020.2.1f1/Editor/Data/MonoBleedingEdge/etc'
Using monoOptions --debugger-agent=transport=dt_socket,embedding=1,server=y,suspend=n,address=127.0.0.1:56768
Begin MonoManager ReloadAssembly
Registering precompiled unity dll's ...
Register platform support module: C:/Program Files/Unity/Hub/Editor/2020.2.1f1/Editor/Data/PlaybackEngines/WebGLSupport/UnityEditor.WebGL.Extensions.dll
Register platform support module: C:/Program Files/Unity/Hub/Editor/2020.2.1f1/Editor/Data/PlaybackEngines/MacStandaloneSupport/UnityEditor.OSXStandalone.Extensions.dll
Register platform support module: C:/Program Files/Unity/Hub/Editor/2020.2.1f1/Editor/Data/PlaybackEngines/WindowsStandaloneSupport/UnityEditor.WindowsStandalone.Extensions.dll
Register platform support module: C:/Program Files/Unity/Hub/Editor/2020.2.1f1/Editor/Data/PlaybackEngines/LinuxStandaloneSupport/UnityEditor.LinuxStandalone.Extensions.dll
Registered in 0.002703 seconds.
Native extension for LinuxStandalone target not found
Native extension for WindowsStandalone target not found
Native extension for OSXStandalone target not found
Native extension for WebGL target not found
Refreshing native plugins compatible for Editor in 21.80 ms, found 0 plugins.
Preloading 0 native plugins for Editor in 0.00 ms.
Invoked RoslynAnalysisRunner static constructor.
RoslynAnalysisRunner will not be running.
RoslynAnalysisRunner has terminated.
Mono: successfully reloaded assembly
- Completed reload, in  2.152 seconds
Platform modules already initialized, skipping
Registering precompiled user dll's ...
Registered in 0.000567 seconds.
Begin MonoManager ReloadAssembly
Native extension for LinuxStandalone target not found
Native extension for WindowsStandalone target not found
Native extension for OSXStandalone target not found
Native extension for WebGL target not found
Refreshing native plugins compatible for Editor in 0.22 ms, found 0 plugins.
Preloading 0 native plugins for Editor in 0.00 ms.
Invoked RoslynAnalysisRunner static constructor.
RoslynAnalysisRunner will not be running.
RoslynAnalysisRunner has terminated.
Mono: successfully reloaded assembly
- Completed reload, in  0.723 seconds
Platform modules already initialized, skipping
========================================================================
Worker process is ready to serve import requests
Launched and connected shader compiler UnityShaderCompiler.exe after 0.03 seconds
Refreshing native plugins compatible for Editor in 0.35 ms, found 0 plugins.
Preloading 0 native plugins for Editor in 0.00 ms.
Unloading 1094 Unused Serialized files (Serialized files now loaded: 0)
System memory in use before: 56.7 MB.
System memory in use after: 56.7 MB.

Unloading 10 unused Assets to reduce memory usage. Loaded Objects now: 1535.
Total: 1.660800 ms (FindLiveObjects: 0.268100 ms CreateObjectMapping: 0.034600 ms MarkObjects: 1.297600 ms  DeleteObjects: 0.059200 ms)

========================================================================
Received Import Request.
  path: Assets
  artifactKey: Guid(00000000000000001000000000000000) Importer(815301076,1909f56bfc062723c751e8b465ee728b)
Start importing Assets using Guid(00000000000000001000000000000000) Importer(815301076,1909f56bfc062723c751e8b465ee728b)  -> (artifact id: 'e1a2c4dac9df7c17871e19a3b74f0e9f') in 0.004053 seconds
  Import took 0.005515 seconds .

========================================================================
Received Import Request.
  Time since last request: 19.580518 seconds.
  path: Assets/Scenes
  artifactKey: Guid(35fb466a9f34ad146a6f68e69d4eb602) Importer(815301076,1909f56bfc062723c751e8b465ee728b)
Start importing Assets/Scenes using Guid(35fb466a9f34ad146a6f68e69d4eb602) Importer(815301076,1909f56bfc062723c751e8b465ee728b)  -> (artifact id: 'c267230f21600f81c4ec29e8c2246a5d') in 0.002591 seconds
  Import took 0.004364 seconds .

========================================================================
Received Import Request.
  Time since last request: 0.000342 seconds.
  path: Assets/Scenes
  artifactKey: Guid(35fb466a9f34ad146a6f68e69d4eb602) Importer(815301076,1909f56bfc062723c751e8b465ee728b)
Start importing Assets/Scenes using Guid(35fb466a9f34ad146a6f68e69d4eb602) Importer(815301076,1909f56bfc062723c751e8b465ee728b)  -> (artifact id: 'c267230f21600f81c4ec29e8c2246a5d') in 0.001727 seconds
  Import took 0.002956 seconds .

========================================================================
Received Prepare
Registering precompiled user dll's ...
Registered in 0.000548 seconds.
Begin MonoManager ReloadAssembly
Native extension for LinuxStandalone target not found
Native extension for WindowsStandalone target not found
Native extension for OSXStandalone target not found
Native extension for WebGL target not found
Refreshing native plugins compatible for Editor in 0.23 ms, found 0 plugins.
Preloading 0 native plugins for Editor in 0.00 ms.
Invoked RoslynAnalysisRunner static constructor.
RoslynAnalysisRunner will not be running.
RoslynAnalysisRunner has terminated.
Mono: successfully reloaded assembly
- Completed reload, in  0.676 seconds
Platform modules already initialized, skipping
Refreshing native plugins compatible for Editor in 0.19 ms, found 0 plugins.
Preloading 0 native plugins for Editor in 0.00 ms.
Unloading 1091 Unused Serialized files (Serialized files now loaded: 0)
System memory in use before: 56.7 MB.
System memory in use after: 56.8 MB.

Unloading 5 unused Assets to reduce memory usage. Loaded Objects now: 1539.
Total: 1.569700 ms (FindLiveObjects: 0.149700 ms CreateObjectMapping: 0.067200 ms MarkObjects: 1.300900 ms  DeleteObjects: 0.050900 ms)

========================================================================
Received Import Request.
  Time since last request: 143.000176 seconds.
  path: Assets/Scripts
  artifactKey: Guid(7cd1553e21cee9a41aa3ec9d07dc06d4) Importer(815301076,1909f56bfc062723c751e8b465ee728b)
Start importing Assets/Scripts using Guid(7cd1553e21cee9a41aa3ec9d07dc06d4) Importer(815301076,1909f56bfc062723c751e8b465ee728b)  -> (artifact id: '59fcd134413d431c06d2e827e9599d7b') in 0.004253 seconds
  Import took 0.006317 seconds .

========================================================================
Received Import Request.
  Time since last request: 0.957481 seconds.
  path: Assets/Scripts/Barrel.cs
  artifactKey: Guid(0b58686f697b1c24bb77b2763aa32805) Importer(815301076,1909f56bfc062723c751e8b465ee728b)
Start importing Assets/Scripts/Barrel.cs using Guid(0b58686f697b1c24bb77b2763aa32805) Importer(815301076,1909f56bfc062723c751e8b465ee728b)  -> (artifact id: '09a3b56df9ce44ed7224b2f91c0d3878') in 0.017879 seconds
  Import took 0.019664 seconds .

========================================================================
Received Import Request.
  Time since last request: 23.856968 seconds.
  path: Assets/Barrels
  artifactKey: Guid(11a67399bd6ac4a47800e6bd31804f1b) Importer(815301076,1909f56bfc062723c751e8b465ee728b)
Start importing Assets/Barrels using Guid(11a67399bd6ac4a47800e6bd31804f1b) Importer(815301076,1909f56bfc062723c751e8b465ee728b)  -> (artifact id: '454f980e30aaf107f5e27922ce3798a3') in 0.001859 seconds
  Import took 0.003631 seconds .

========================================================================
Received Import Request.
  Time since last request: 0.000511 seconds.
  path: Assets/Barrels
  artifactKey: Guid(11a67399bd6ac4a47800e6bd31804f1b) Importer(815301076,1909f56bfc062723c751e8b465ee728b)
Start importing Assets/Barrels using Guid(11a67399bd6ac4a47800e6bd31804f1b) Importer(815301076,1909f56bfc062723c751e8b465ee728b)  -> (artifact id: '454f980e30aaf107f5e27922ce3798a3') in 0.001410 seconds
  Import took 0.002581 seconds .

========================================================================
Received Import Request.
  Time since last request: 0.076964 seconds.
  path: Assets/Barrels/Barrel1_LOD.prefab
  artifactKey: Guid(1c5a9772a26e4b74991250d48f83f849) Importer(815301076,1909f56bfc062723c751e8b465ee728b)
Start importing Assets/Barrels/Barrel1_LOD.prefab using Guid(1c5a9772a26e4b74991250d48f83f849) Importer(815301076,1909f56bfc062723c751e8b465ee728b)  -> (artifact id: '6b728f350a5cd28715be0b9b319ac744') in 0.276639 seconds
  Import took 0.278988 seconds .

========================================================================
Received Import Request.
  Time since last request: 0.000224 seconds.
  path: Assets/Barrels/Barrel2_LOD.prefab
  artifactKey: Guid(835d59177d8bad543a70828252cdccaf) Importer(815301076,1909f56bfc062723c751e8b465ee728b)
Start importing Assets/Barrels/Barrel2_LOD.prefab using Guid(835d59177d8bad543a70828252cdccaf) Importer(815301076,1909f56bfc062723c751e8b465ee728b)  -> (artifact id: '4ae12df1875c6652c54555d620f80656') in 0.038244 seconds
  Import took 0.041135 seconds .

========================================================================
Received Import Request.
  Time since last request: 0.000221 seconds.
  path: Assets/Barrels/Barrel3_LOD.prefab
  artifactKey: Guid(1bfa92ca112491842ad5e3fb6b5ab535) Importer(815301076,1909f56bfc062723c751e8b465ee728b)
Start importing Assets/Barrels/Barrel3_LOD.prefab using Guid(1bfa92ca112491842ad5e3fb6b5ab535) Importer(815301076,1909f56bfc062723c751e8b465ee728b)  -> (artifact id: 'ce9587a13b28653e7cb417d28055970d') in 0.035002 seconds
  Import took 0.037389 seconds .

========================================================================
Received Import Request.
  Time since last request: 87.851600 seconds.
  path: Assets/Barrels/Barrel1_LOD.prefab
  artifactKey: Guid(1c5a9772a26e4b74991250d48f83f849) Importer(815301076,1909f56bfc062723c751e8b465ee728b)
Start importing Assets/Barrels/Barrel1_LOD.prefab using Guid(1c5a9772a26e4b74991250d48f83f849) Importer(815301076,1909f56bfc062723c751e8b465ee728b)  -> (artifact id: 'acf35beac520fdffd25110a4d95975be') in 0.041283 seconds
  Import took 0.043675 seconds .

========================================================================
Received Prepare
Registering precompiled user dll's ...
Registered in 0.000552 seconds.
Begin MonoManager ReloadAssembly
Native extension for LinuxStandalone target not found
Native extension for WindowsStandalone target not found
Native extension for OSXStandalone target not found
Native extension for WebGL target not found
Refreshing native plugins compatible for Editor in 0.23 ms, found 0 plugins.
Preloading 0 native plugins for Editor in 0.00 ms.
Invoked RoslynAnalysisRunner static constructor.
RoslynAnalysisRunner will not be running.
RoslynAnalysisRunner has terminated.
Mono: successfully reloaded assembly
- Completed reload, in  0.673 seconds
Platform modules already initialized, skipping
Refreshing native plugins compatible for Editor in 0.23 ms, found 0 plugins.
Preloading 0 native plugins for Editor in 0.00 ms.
Unloading 1091 Unused Serialized files (Serialized files now loaded: 0)
System memory in use before: 60.0 MB.
System memory in use after: 60.1 MB.

Unloading 5 unused Assets to reduce memory usage. Loaded Objects now: 1548.
Total: 1.578100 ms (FindLiveObjects: 0.167000 ms CreateObjectMapping: 0.026100 ms MarkObjects: 1.333300 ms  DeleteObjects: 0.050800 ms)

========================================================================
Received Import Request.
  Time since last request: 141.513612 seconds.
  path: Assets/Scripts/Barrel.cs
  artifactKey: Guid(0b58686f697b1c24bb77b2763aa32805) Importer(815301076,1909f56bfc062723c751e8b465ee728b)
Start importing Assets/Scripts/Barrel.cs using Guid(0b58686f697b1c24bb77b2763aa32805) Importer(815301076,1909f56bfc062723c751e8b465ee728b)  -> (artifact id: '9cf56493e641e547538be596e1740ac0') in 0.003826 seconds
  Import took 0.005542 seconds .

========================================================================
Received Prepare
Registering precompiled user dll's ...
Registered in 0.000729 seconds.
Begin MonoManager ReloadAssembly
Native extension for LinuxStandalone target not found
Native extension for WindowsStandalone target not found
Native extension for OSXStandalone target not found
Native extension for WebGL target not found
Refreshing native plugins compatible for Editor in 0.22 ms, found 0 plugins.
Preloading 0 native plugins for Editor in 0.00 ms.
Invoked RoslynAnalysisRunner static constructor.
RoslynAnalysisRunner will not be running.
RoslynAnalysisRunner has terminated.
Mono: successfully reloaded assembly
- Completed reload, in  0.666 seconds
Platform modules already initialized, skipping
Refreshing native plugins compatible for Editor in 0.22 ms, found 0 plugins.
Preloading 0 native plugins for Editor in 0.00 ms.
Unloading 1091 Unused Serialized files (Serialized files now loaded: 0)
System memory in use before: 60.1 MB.
System memory in use after: 60.2 MB.

Unloading 5 unused Assets to reduce memory usage. Loaded Objects now: 1550.
Total: 1.650400 ms (FindLiveObjects: 0.168400 ms CreateObjectMapping: 0.026100 ms MarkObjects: 1.401300 ms  DeleteObjects: 0.053400 ms)

========================================================================
Received Import Request.
  Time since last request: 169.815362 seconds.
  path: ProjectSettings/TagManager.asset
  artifactKey: Guid(00000000000000003000000000000000) Importer(815301076,1909f56bfc062723c751e8b465ee728b)
Start importing ProjectSettings/TagManager.asset using Guid(00000000000000003000000000000000) Importer(815301076,1909f56bfc062723c751e8b465ee728b)  -> (artifact id: '8988b340c206bb1d98ca0d47b0266d3b') in 0.012441 seconds
  Import took 0.014797 seconds .

========================================================================
Received Prepare
Registering precompiled user dll's ...
Registered in 0.000542 seconds.
Begin MonoManager ReloadAssembly
Native extension for LinuxStandalone target not found
Native extension for WindowsStandalone target not found
Native extension for OSXStandalone target not found
Native extension for WebGL target not found
Refreshing native plugins compatible for Editor in 0.24 ms, found 0 plugins.
Preloading 0 native plugins for Editor in 0.00 ms.
Invoked RoslynAnalysisRunner static constructor.
RoslynAnalysisRunner will not be running.
RoslynAnalysisRunner has terminated.
Mono: successfully reloaded assembly
- Completed reload, in  0.674 seconds
Platform modules already initialized, skipping
Refreshing native plugins compatible for Editor in 0.22 ms, found 0 plugins.
Preloading 0 native plugins for Editor in 0.00 ms.
Unloading 1091 Unused Serialized files (Serialized files now loaded: 0)
System memory in use before: 60.3 MB.
System memory in use after: 60.4 MB.

Unloading 6 unused Assets to reduce memory usage. Loaded Objects now: 1552.
Total: 1.432400 ms (FindLiveObjects: 0.152500 ms CreateObjectMapping: 0.024800 ms MarkObjects: 1.204800 ms  DeleteObjects: 0.049000 ms)

========================================================================
Received Prepare
Registering precompiled user dll's ...
Registered in 0.000526 seconds.
Begin MonoManager ReloadAssembly
Native extension for LinuxStandalone target not found
Native extension for WindowsStandalone target not found
Native extension for OSXStandalone target not found
Native extension for WebGL target not found
Refreshing native plugins compatible for Editor in 0.26 ms, found 0 plugins.
Preloading 0 native plugins for Editor in 0.00 ms.
Invoked RoslynAnalysisRunner static constructor.
RoslynAnalysisRunner will not be running.
RoslynAnalysisRunner has terminated.
Mono: successfully reloaded assembly
- Completed reload, in  0.658 seconds
Platform modules already initialized, skipping
Refreshing native plugins compatible for Editor in 0.21 ms, found 0 plugins.
Preloading 0 native plugins for Editor in 0.00 ms.
Unloading 1091 Unused Serialized files (Serialized files now loaded: 0)
System memory in use before: 60.4 MB.
System memory in use after: 60.4 MB.

Unloading 5 unused Assets to reduce memory usage. Loaded Objects now: 1554.
Total: 1.697700 ms (FindLiveObjects: 0.254900 ms CreateObjectMapping: 0.041800 ms MarkObjects: 1.344900 ms  DeleteObjects: 0.054800 ms)

========================================================================
Received Prepare
Registering precompiled user dll's ...
Registered in 0.000629 seconds.
Begin MonoManager ReloadAssembly
Native extension for LinuxStandalone target not found
Native extension for WindowsStandalone target not found
Native extension for OSXStandalone target not found
Native extension for WebGL target not found
Refreshing native plugins compatible for Editor in 0.23 ms, found 0 plugins.
Preloading 0 native plugins for Editor in 0.00 ms.
Invoked RoslynAnalysisRunner static constructor.
RoslynAnalysisRunner will not be running.
RoslynAnalysisRunner has terminated.
Mono: successfully reloaded assembly
- Completed reload, in  0.664 seconds
Platform modules already initialized, skipping
Refreshing native plugins compatible for Editor in 0.21 ms, found 0 plugins.
Preloading 0 native plugins for Editor in 0.00 ms.
Unloading 1091 Unused Serialized files (Serialized files now loaded: 0)
System memory in use before: 60.5 MB.
System memory in use after: 60.5 MB.

Unloading 5 unused Assets to reduce memory usage. Loaded Objects now: 1556.
Total: 1.498400 ms (FindLiveObjects: 0.141800 ms CreateObjectMapping: 0.022800 ms MarkObjects: 1.283600 ms  DeleteObjects: 0.049200 ms)

========================================================================
Received Prepare
Registering precompiled user dll's ...
Registered in 0.000519 seconds.
Begin MonoManager ReloadAssembly
Native extension for LinuxStandalone target not found
Native extension for WindowsStandalone target not found
Native extension for OSXStandalone target not found
Native extension for WebGL target not found
Refreshing native plugins compatible for Editor in 0.24 ms, found 0 plugins.
Preloading 0 native plugins for Editor in 0.00 ms.
Invoked RoslynAnalysisRunner static constructor.
RoslynAnalysisRunner will not be running.
RoslynAnalysisRunner has terminated.
Mono: successfully reloaded assembly
- Completed reload, in  0.674 seconds
Platform modules already initialized, skipping
Refreshing native plugins compatible for Editor in 0.21 ms, found 0 plugins.
Preloading 0 native plugins for Editor in 0.00 ms.
Unloading 1091 Unused Serialized files (Serialized files now loaded: 0)
System memory in use before: 60.6 MB.
System memory in use after: 60.6 MB.

Unloading 5 unused Assets to reduce memory usage. Loaded Objects now: 1558.
Total: 1.728700 ms (FindLiveObjects: 0.295200 ms CreateObjectMapping: 0.077800 ms MarkObjects: 1.307600 ms  DeleteObjects: 0.046900 ms)

========================================================================
Received Prepare
Registering precompiled user dll's ...
Registered in 0.000636 seconds.
Begin MonoManager ReloadAssembly
Native extension for LinuxStandalone target not found
Native extension for WindowsStandalone target not found
Native extension for OSXStandalone target not found
Native extension for WebGL target not found
Refreshing native plugins compatible for Editor in 0.25 ms, found 0 plugins.
Preloading 0 native plugins for Editor in 0.00 ms.
Invoked RoslynAnalysisRunner static constructor.
RoslynAnalysisRunner will not be running.
RoslynAnalysisRunner has terminated.
Mono: successfully reloaded assembly
- Completed reload, in  0.650 seconds
Platform modules already initialized, skipping
Refreshing native plugins compatible for Editor in 0.23 ms, found 0 plugins.
Preloading 0 native plugins for Editor in 0.00 ms.
Unloading 1091 Unused Serialized files (Serialized files now loaded: 0)
System memory in use before: 60.7 MB.
System memory in use after: 60.7 MB.

Unloading 5 unused Assets to reduce memory usage. Loaded Objects now: 1560.
Total: 1.718200 ms (FindLiveObjects: 0.179500 ms CreateObjectMapping: 0.028100 ms MarkObjects: 1.386500 ms  DeleteObjects: 0.057100 ms)

========================================================================
Received Import Request.
  Time since last request: 555.282628 seconds.
  path: Assets/Barrels/Source/Imports/Barrel1.FBX
  artifactKey: Guid(7f3dbf844f3ef6141832ee94595425ec) Importer(815301076,1909f56bfc062723c751e8b465ee728b)
Start importing Assets/Barrels/Source/Imports/Barrel1.FBX using Guid(7f3dbf844f3ef6141832ee94595425ec) Importer(815301076,1909f56bfc062723c751e8b465ee728b)  -> (artifact id: '2c26397589796f487f524cb0a9c89b26') in 0.280793 seconds
  Import took 0.283314 seconds .

========================================================================
Received Import Request.
  Time since last request: 0.000223 seconds.
  path: Assets/Barrels/Source/Imports/Barrel_L1.FBX
  artifactKey: Guid(d333b2b8135241f41a00ba9bb152f234) Importer(815301076,1909f56bfc062723c751e8b465ee728b)
Start importing Assets/Barrels/Source/Imports/Barrel_L1.FBX using Guid(d333b2b8135241f41a00ba9bb152f234) Importer(815301076,1909f56bfc062723c751e8b465ee728b)  -> (artifact id: '8956daf8116000ef2df25d87d99975ac') in 0.023516 seconds
  Import took 0.025551 seconds .

========================================================================
Received Import Request.
  Time since last request: 0.000229 seconds.
  path: Assets/Barrels/Source/Imports/Barrel1.FBX
  artifactKey: Guid(7f3dbf844f3ef6141832ee94595425ec) Importer(815301076,1909f56bfc062723c751e8b465ee728b)
Start importing Assets/Barrels/Source/Imports/Barrel1.FBX using Guid(7f3dbf844f3ef6141832ee94595425ec) Importer(815301076,1909f56bfc062723c751e8b465ee728b)  -> (artifact id: '2c26397589796f487f524cb0a9c89b26') in 0.063040 seconds
  Import took 0.065066 seconds .

========================================================================
Received Import Request.
  Time since last request: 0.000293 seconds.
  path: Assets/Barrels/Source/Imports/Barrel_L1.FBX
  artifactKey: Guid(d333b2b8135241f41a00ba9bb152f234) Importer(815301076,1909f56bfc062723c751e8b465ee728b)
Start importing Assets/Barrels/Source/Imports/Barrel_L1.FBX using Guid(d333b2b8135241f41a00ba9bb152f234) Importer(815301076,1909f56bfc062723c751e8b465ee728b)  -> (artifact id: '8956daf8116000ef2df25d87d99975ac') in 0.042501 seconds
  Import took 0.044513 seconds .

========================================================================
Received Import Request.
  Time since last request: 81.321065 seconds.
  path: Assets/Barrels/Barrel1_LOD.prefab
  artifactKey: Guid(1c5a9772a26e4b74991250d48f83f849) Importer(815301076,1909f56bfc062723c751e8b465ee728b)
Start importing Assets/Barrels/Barrel1_LOD.prefab using Guid(1c5a9772a26e4b74991250d48f83f849) Importer(815301076,1909f56bfc062723c751e8b465ee728b)  -> (artifact id: '75fbd740bdc5a366bd68673d1dd948e0') in 0.017196 seconds
  Import took 0.019526 seconds .

========================================================================
Received Import Request.
  Time since last request: 2.481892 seconds.
  path: Assets/Barrels/Source
  artifactKey: Guid(b5cd9ff819ee8ab458c84ba781429496) Importer(815301076,1909f56bfc062723c751e8b465ee728b)
Start importing Assets/Barrels/Source using Guid(b5cd9ff819ee8ab458c84ba781429496) Importer(815301076,1909f56bfc062723c751e8b465ee728b)  -> (artifact id: 'b39c5b0d5ae3ddc1e0967f50bb5baa07') in 0.001973 seconds
  Import took 0.003649 seconds .

========================================================================
Received Import Request.
  Time since last request: 0.005358 seconds.
  path: Assets/Barrels/Source
  artifactKey: Guid(b5cd9ff819ee8ab458c84ba781429496) Importer(815301076,1909f56bfc062723c751e8b465ee728b)
Start importing Assets/Barrels/Source using Guid(b5cd9ff819ee8ab458c84ba781429496) Importer(815301076,1909f56bfc062723c751e8b465ee728b)  -> (artifact id: 'b39c5b0d5ae3ddc1e0967f50bb5baa07') in 0.001620 seconds
  Import took 0.002839 seconds .

========================================================================
Received Import Request.
  Time since last request: 1.222745 seconds.
  path: Assets/Barrels/Source/Textures
  artifactKey: Guid(b3cd54e650ef8864e9fdbf3501f8ba00) Importer(815301076,1909f56bfc062723c751e8b465ee728b)
Start importing Assets/Barrels/Source/Textures using Guid(b3cd54e650ef8864e9fdbf3501f8ba00) Importer(815301076,1909f56bfc062723c751e8b465ee728b)  -> (artifact id: '323541528073da43aaca9ed66a073069') in 0.002068 seconds
  Import took 0.004008 seconds .

========================================================================
Received Import Request.
  Time since last request: 0.535657 seconds.
  path: Assets/Barrels/Source/Imports
  artifactKey: Guid(921ccf1282e7c3d4f851c69958ec9e11) Importer(815301076,1909f56bfc062723c751e8b465ee728b)
Start importing Assets/Barrels/Source/Imports using Guid(921ccf1282e7c3d4f851c69958ec9e11) Importer(815301076,1909f56bfc062723c751e8b465ee728b)  -> (artifact id: '7e9ea6a78fe77bbdfed456e31961ba1c') in 0.002242 seconds
  Import took 0.003975 seconds .

========================================================================
Received Import Request.
  Time since last request: 0.000370 seconds.
  path: Assets/Barrels/Source/Imports
  artifactKey: Guid(921ccf1282e7c3d4f851c69958ec9e11) Importer(815301076,1909f56bfc062723c751e8b465ee728b)
Start importing Assets/Barrels/Source/Imports using Guid(921ccf1282e7c3d4f851c69958ec9e11) Importer(815301076,1909f56bfc062723c751e8b465ee728b)  -> (artifact id: '7e9ea6a78fe77bbdfed456e31961ba1c') in 0.001574 seconds
  Import took 0.002748 seconds .

========================================================================
Received Prepare
Registering precompiled user dll's ...
Registered in 0.000515 seconds.
Begin MonoManager ReloadAssembly
Native extension for LinuxStandalone target not found
Native extension for WindowsStandalone target not found
Native extension for OSXStandalone target not found
Native extension for WebGL target not found
Refreshing native plugins compatible for Editor in 0.23 ms, found 0 plugins.
Preloading 0 native plugins for Editor in 0.00 ms.
Invoked RoslynAnalysisRunner static constructor.
RoslynAnalysisRunner will not be running.
RoslynAnalysisRunner has terminated.
Mono: successfully reloaded assembly
- Completed reload, in  0.647 seconds
Platform modules already initialized, skipping
Refreshing native plugins compatible for Editor in 0.20 ms, found 0 plugins.
Preloading 0 native plugins for Editor in 0.00 ms.
Unloading 1091 Unused Serialized files (Serialized files now loaded: 0)
System memory in use before: 61.1 MB.
System memory in use after: 61.1 MB.

Unloading 5 unused Assets to reduce memory usage. Loaded Objects now: 1566.
Total: 1.837600 ms (FindLiveObjects: 0.167100 ms CreateObjectMapping: 0.028000 ms MarkObjects: 1.591200 ms  DeleteObjects: 0.050100 ms)

========================================================================
Received Prepare
Registering precompiled user dll's ...
Registered in 0.000533 seconds.
Begin MonoManager ReloadAssembly
Native extension for LinuxStandalone target not found
Native extension for WindowsStandalone target not found
Native extension for OSXStandalone target not found
Native extension for WebGL target not found
Refreshing native plugins compatible for Editor in 0.23 ms, found 0 plugins.
Preloading 0 native plugins for Editor in 0.00 ms.
Invoked RoslynAnalysisRunner static constructor.
RoslynAnalysisRunner will not be running.
RoslynAnalysisRunner has terminated.
Mono: successfully reloaded assembly
- Completed reload, in  0.645 seconds
Platform modules already initialized, skipping
Refreshing native plugins compatible for Editor in 0.21 ms, found 0 plugins.
Preloading 0 native plugins for Editor in 0.00 ms.
Unloading 1091 Unused Serialized files (Serialized files now loaded: 0)
System memory in use before: 61.1 MB.
System memory in use after: 61.2 MB.

Unloading 5 unused Assets to reduce memory usage. Loaded Objects now: 1568.
Total: 1.768800 ms (FindLiveObjects: 0.161900 ms CreateObjectMapping: 0.026800 ms MarkObjects: 1.530600 ms  DeleteObjects: 0.048300 ms)

========================================================================
Received Prepare
Registering precompiled user dll's ...
Registered in 0.000550 seconds.
Begin MonoManager ReloadAssembly
Native extension for LinuxStandalone target not found
Native extension for WindowsStandalone target not found
Native extension for OSXStandalone target not found
Native extension for WebGL target not found
Refreshing native plugins compatible for Editor in 0.23 ms, found 0 plugins.
Preloading 0 native plugins for Editor in 0.00 ms.
Invoked RoslynAnalysisRunner static constructor.
RoslynAnalysisRunner will not be running.
RoslynAnalysisRunner has terminated.
Mono: successfully reloaded assembly
- Completed reload, in  0.671 seconds
Platform modules already initialized, skipping
Refreshing native plugins compatible for Editor in 0.20 ms, found 0 plugins.
Preloading 0 native plugins for Editor in 0.00 ms.
Unloading 1091 Unused Serialized files (Serialized files now loaded: 0)
System memory in use before: 61.3 MB.
System memory in use after: 61.4 MB.

Unloading 5 unused Assets to reduce memory usage. Loaded Objects now: 1570.
Total: 1.601600 ms (FindLiveObjects: 0.180200 ms CreateObjectMapping: 0.027300 ms MarkObjects: 1.342900 ms  DeleteObjects: 0.050300 ms)

========================================================================
Received Prepare
Registering precompiled user dll's ...
Registered in 0.000541 seconds.
Begin MonoManager ReloadAssembly
Native extension for LinuxStandalone target not found
Native extension for WindowsStandalone target not found
Native extension for OSXStandalone target not found
Native extension for WebGL target not found
Refreshing native plugins compatible for Editor in 0.27 ms, found 0 plugins.
Preloading 0 native plugins for Editor in 0.00 ms.
Invoked RoslynAnalysisRunner static constructor.
RoslynAnalysisRunner will not be running.
RoslynAnalysisRunner has terminated.
Mono: successfully reloaded assembly
- Completed reload, in  0.658 seconds
Platform modules already initialized, skipping
Refreshing native plugins compatible for Editor in 0.22 ms, found 0 plugins.
Preloading 0 native plugins for Editor in 0.00 ms.
Unloading 1091 Unused Serialized files (Serialized files now loaded: 0)
System memory in use before: 61.4 MB.
System memory in use after: 61.5 MB.

Unloading 5 unused Assets to reduce memory usage. Loaded Objects now: 1572.
Total: 1.553700 ms (FindLiveObjects: 0.172700 ms CreateObjectMapping: 0.027900 ms MarkObjects: 1.303300 ms  DeleteObjects: 0.048800 ms)

========================================================================
Received Prepare
Registering precompiled user dll's ...
Registered in 0.000591 seconds.
Begin MonoManager ReloadAssembly
Native extension for LinuxStandalone target not found
Native extension for WindowsStandalone target not found
Native extension for OSXStandalone target not found
Native extension for WebGL target not found
Refreshing native plugins compatible for Editor in 0.23 ms, found 0 plugins.
Preloading 0 native plugins for Editor in 0.00 ms.
Invoked RoslynAnalysisRunner static constructor.
RoslynAnalysisRunner will not be running.
RoslynAnalysisRunner has terminated.
Mono: successfully reloaded assembly
- Completed reload, in  0.661 seconds
Platform modules already initialized, skipping
Refreshing native plugins compatible for Editor in 0.22 ms, found 0 plugins.
Preloading 0 native plugins for Editor in 0.00 ms.
Unloading 1091 Unused Serialized files (Serialized files now loaded: 0)
System memory in use before: 61.5 MB.
System memory in use after: 61.6 MB.

Unloading 5 unused Assets to reduce memory usage. Loaded Objects now: 1574.
Total: 1.773100 ms (FindLiveObjects: 0.202100 ms CreateObjectMapping: 0.030200 ms MarkObjects: 1.475400 ms  DeleteObjects: 0.064300 ms)

========================================================================
Received Prepare
Registering precompiled user dll's ...
Registered in 0.000593 seconds.
Begin MonoManager ReloadAssembly
Native extension for LinuxStandalone target not found
Native extension for WindowsStandalone target not found
Native extension for OSXStandalone target not found
Native extension for WebGL target not found
Refreshing native plugins compatible for Editor in 0.23 ms, found 0 plugins.
Preloading 0 native plugins for Editor in 0.00 ms.
Invoked RoslynAnalysisRunner static constructor.
RoslynAnalysisRunner will not be running.
RoslynAnalysisRunner has terminated.
Mono: successfully reloaded assembly
- Completed reload, in  0.672 seconds
Platform modules already initialized, skipping
Refreshing native plugins compatible for Editor in 0.23 ms, found 0 plugins.
Preloading 0 native plugins for Editor in 0.00 ms.
Unloading 1091 Unused Serialized files (Serialized files now loaded: 0)
System memory in use before: 61.7 MB.
System memory in use after: 61.7 MB.

Unloading 5 unused Assets to reduce memory usage. Loaded Objects now: 1576.
Total: 1.690300 ms (FindLiveObjects: 0.169900 ms CreateObjectMapping: 0.030500 ms MarkObjects: 1.431900 ms  DeleteObjects: 0.057000 ms)

========================================================================
Received Prepare
Registering precompiled user dll's ...
Registered in 0.000657 seconds.
Begin MonoManager ReloadAssembly
Native extension for LinuxStandalone target not found
Native extension for WindowsStandalone target not found
Native extension for OSXStandalone target not found
Native extension for WebGL target not found
Refreshing native plugins compatible for Editor in 0.24 ms, found 0 plugins.
Preloading 0 native plugins for Editor in 0.00 ms.
Invoked RoslynAnalysisRunner static constructor.
RoslynAnalysisRunner will not be running.
RoslynAnalysisRunner has terminated.
Mono: successfully reloaded assembly
- Completed reload, in  0.677 seconds
Platform modules already initialized, skipping
Refreshing native plugins compatible for Editor in 0.20 ms, found 0 plugins.
Preloading 0 native plugins for Editor in 0.00 ms.
Unloading 1091 Unused Serialized files (Serialized files now loaded: 0)
System memory in use before: 61.8 MB.
System memory in use after: 61.8 MB.

Unloading 5 unused Assets to reduce memory usage. Loaded Objects now: 1578.
Total: 1.672000 ms (FindLiveObjects: 0.189900 ms CreateObjectMapping: 0.028000 ms MarkObjects: 1.398700 ms  DeleteObjects: 0.054300 ms)

========================================================================
Received Prepare
Registering precompiled user dll's ...
Registered in 0.000549 seconds.
Begin MonoManager ReloadAssembly
Native extension for LinuxStandalone target not found
Native extension for WindowsStandalone target not found
Native extension for OSXStandalone target not found
Native extension for WebGL target not found
Refreshing native plugins compatible for Editor in 0.24 ms, found 0 plugins.
Preloading 0 native plugins for Editor in 0.00 ms.
Invoked RoslynAnalysisRunner static constructor.
RoslynAnalysisRunner will not be running.
RoslynAnalysisRunner has terminated.
Mono: successfully reloaded assembly
- Completed reload, in  0.652 seconds
Platform modules already initialized, skipping
Refreshing native plugins compatible for Editor in 0.23 ms, found 0 plugins.
Preloading 0 native plugins for Editor in 0.00 ms.
Unloading 1091 Unused Serialized files (Serialized files now loaded: 0)
System memory in use before: 61.9 MB.
System memory in use after: 62.0 MB.

Unloading 5 unused Assets to reduce memory usage. Loaded Objects now: 1580.
Total: 1.827700 ms (FindLiveObjects: 0.166800 ms CreateObjectMapping: 0.028400 ms MarkObjects: 1.581800 ms  DeleteObjects: 0.049500 ms)

========================================================================
Received Prepare
Registering precompiled user dll's ...
Registered in 0.000547 seconds.
Begin MonoManager ReloadAssembly
Native extension for LinuxStandalone target not found
Native extension for WindowsStandalone target not found
Native extension for OSXStandalone target not found
Native extension for WebGL target not found
Refreshing native plugins compatible for Editor in 0.23 ms, found 0 plugins.
Preloading 0 native plugins for Editor in 0.00 ms.
Invoked RoslynAnalysisRunner static constructor.
RoslynAnalysisRunner will not be running.
RoslynAnalysisRunner has terminated.
Mono: successfully reloaded assembly
- Completed reload, in  0.678 seconds
Platform modules already initialized, skipping
Refreshing native plugins compatible for Editor in 0.24 ms, found 0 plugins.
Preloading 0 native plugins for Editor in 0.00 ms.
Unloading 1091 Unused Serialized files (Serialized files now loaded: 0)
System memory in use before: 62.0 MB.
System memory in use after: 62.1 MB.

Unloading 5 unused Assets to reduce memory usage. Loaded Objects now: 1582.
Total: 1.514300 ms (FindLiveObjects: 0.150200 ms CreateObjectMapping: 0.027700 ms MarkObjects: 1.289700 ms  DeleteObjects: 0.045800 ms)

========================================================================
Received Prepare
Registering precompiled user dll's ...
Registered in 0.000734 seconds.
Begin MonoManager ReloadAssembly
Native extension for LinuxStandalone target not found
Native extension for WindowsStandalone target not found
Native extension for OSXStandalone target not found
Native extension for WebGL target not found
Refreshing native plugins compatible for Editor in 0.24 ms, found 0 plugins.
Preloading 0 native plugins for Editor in 0.00 ms.
Invoked RoslynAnalysisRunner static constructor.
RoslynAnalysisRunner will not be running.
RoslynAnalysisRunner has terminated.
Mono: successfully reloaded assembly
- Completed reload, in  0.714 seconds
Platform modules already initialized, skipping
Refreshing native plugins compatible for Editor in 0.20 ms, found 0 plugins.
Preloading 0 native plugins for Editor in 0.00 ms.
Unloading 1091 Unused Serialized files (Serialized files now loaded: 0)
System memory in use before: 62.1 MB.
System memory in use after: 62.2 MB.

Unloading 5 unused Assets to reduce memory usage. Loaded Objects now: 1584.
Total: 1.781700 ms (FindLiveObjects: 0.158300 ms CreateObjectMapping: 0.027900 ms MarkObjects: 1.545800 ms  DeleteObjects: 0.048500 ms)

========================================================================
Received Import Request.
  Time since last request: 474.393619 seconds.
  path: Assets/Scripts/BarrelSpawner.cs
  artifactKey: Guid(993bf8a783e4c1c46a7804934b85b33c) Importer(815301076,1909f56bfc062723c751e8b465ee728b)
Start importing Assets/Scripts/BarrelSpawner.cs using Guid(993bf8a783e4c1c46a7804934b85b33c) Importer(815301076,1909f56bfc062723c751e8b465ee728b)  -> (artifact id: '9ec4454b85588f0e155a1ab19e474d68') in 0.004214 seconds
  Import took 0.006122 seconds .

========================================================================
Received Prepare
Registering precompiled user dll's ...
Registered in 0.000673 seconds.
Begin MonoManager ReloadAssembly
Native extension for LinuxStandalone target not found
Native extension for WindowsStandalone target not found
Native extension for OSXStandalone target not found
Native extension for WebGL target not found
Refreshing native plugins compatible for Editor in 0.23 ms, found 0 plugins.
Preloading 0 native plugins for Editor in 0.00 ms.
Invoked RoslynAnalysisRunner static constructor.
RoslynAnalysisRunner will not be running.
RoslynAnalysisRunner has terminated.
Mono: successfully reloaded assembly
- Completed reload, in  0.696 seconds
Platform modules already initialized, skipping
Refreshing native plugins compatible for Editor in 0.22 ms, found 0 plugins.
Preloading 0 native plugins for Editor in 0.00 ms.
Unloading 1092 Unused Serialized files (Serialized files now loaded: 0)
System memory in use before: 62.2 MB.
System memory in use after: 62.3 MB.

Unloading 5 unused Assets to reduce memory usage. Loaded Objects now: 1587.
Total: 1.747500 ms (FindLiveObjects: 0.239200 ms CreateObjectMapping: 0.029500 ms MarkObjects: 1.425500 ms  DeleteObjects: 0.052000 ms)

========================================================================
Received Prepare
Registering precompiled user dll's ...
Registered in 0.000705 seconds.
Begin MonoManager ReloadAssembly
Native extension for LinuxStandalone target not found
Native extension for WindowsStandalone target not found
Native extension for OSXStandalone target not found
Native extension for WebGL target not found
Refreshing native plugins compatible for Editor in 0.23 ms, found 0 plugins.
Preloading 0 native plugins for Editor in 0.00 ms.
Invoked RoslynAnalysisRunner static constructor.
RoslynAnalysisRunner will not be running.
RoslynAnalysisRunner has terminated.
Mono: successfully reloaded assembly
- Completed reload, in  0.679 seconds
Platform modules already initialized, skipping
Refreshing native plugins compatible for Editor in 0.23 ms, found 0 plugins.
Preloading 0 native plugins for Editor in 0.00 ms.
Unloading 1092 Unused Serialized files (Serialized files now loaded: 0)
System memory in use before: 61.4 MB.
System memory in use after: 61.4 MB.

Unloading 5 unused Assets to reduce memory usage. Loaded Objects now: 1589.
Total: 1.677700 ms (FindLiveObjects: 0.173400 ms CreateObjectMapping: 0.025100 ms MarkObjects: 1.425700 ms  DeleteObjects: 0.052500 ms)

========================================================================
Received Import Request.
  Time since last request: 403.730688 seconds.
  path: Assets/Barrel1.prefab
  artifactKey: Guid(682a2644815a576428671f91e09e6ba6) Importer(815301076,1909f56bfc062723c751e8b465ee728b)
Start importing Assets/Barrel1.prefab using Guid(682a2644815a576428671f91e09e6ba6) Importer(815301076,1909f56bfc062723c751e8b465ee728b)  -> (artifact id: '76a634ce57485ca8e43af9643409330a') in 0.074923 seconds
  Import took 0.077243 seconds .

========================================================================
Received Import Request.
  Time since last request: 0.028165 seconds.
  path: Assets/Barrel1.prefab
  artifactKey: Guid(682a2644815a576428671f91e09e6ba6) Importer(815301076,1909f56bfc062723c751e8b465ee728b)
Start importing Assets/Barrel1.prefab using Guid(682a2644815a576428671f91e09e6ba6) Importer(815301076,1909f56bfc062723c751e8b465ee728b)  -> (artifact id: '76a634ce57485ca8e43af9643409330a') in 0.017538 seconds
  Import took 0.019920 seconds .

========================================================================
Received Prepare
Registering precompiled user dll's ...
Registered in 0.000537 seconds.
Begin MonoManager ReloadAssembly
Native extension for LinuxStandalone target not found
Native extension for WindowsStandalone target not found
Native extension for OSXStandalone target not found
Native extension for WebGL target not found
Refreshing native plugins compatible for Editor in 0.23 ms, found 0 plugins.
Preloading 0 native plugins for Editor in 0.00 ms.
Invoked RoslynAnalysisRunner static constructor.
RoslynAnalysisRunner will not be running.
RoslynAnalysisRunner has terminated.
Mono: successfully reloaded assembly
- Completed reload, in  0.672 seconds
Platform modules already initialized, skipping
Refreshing native plugins compatible for Editor in 0.22 ms, found 0 plugins.
Preloading 0 native plugins for Editor in 0.00 ms.
Unloading 1092 Unused Serialized files (Serialized files now loaded: 0)
System memory in use before: 61.5 MB.
System memory in use after: 61.6 MB.

Unloading 5 unused Assets to reduce memory usage. Loaded Objects now: 1592.
Total: 1.474300 ms (FindLiveObjects: 0.155500 ms CreateObjectMapping: 0.029000 ms MarkObjects: 1.244700 ms  DeleteObjects: 0.044000 ms)

========================================================================
Received Import Request.
  Time since last request: 99.890846 seconds.
  path: Assets/Barrel1.prefab
  artifactKey: Guid(682a2644815a576428671f91e09e6ba6) Importer(815301076,1909f56bfc062723c751e8b465ee728b)
Start importing Assets/Barrel1.prefab using Guid(682a2644815a576428671f91e09e6ba6) Importer(815301076,1909f56bfc062723c751e8b465ee728b)  -> (artifact id: '2f662b5bab4ffc46c974c26011ceddf7') in 0.055005 seconds
  Import took 0.057398 seconds .

========================================================================
Received Prepare
Registering precompiled user dll's ...
Registered in 0.000615 seconds.
Begin MonoManager ReloadAssembly
Native extension for LinuxStandalone target not found
Native extension for WindowsStandalone target not found
Native extension for OSXStandalone target not found
Native extension for WebGL target not found
Refreshing native plugins compatible for Editor in 0.23 ms, found 0 plugins.
Preloading 0 native plugins for Editor in 0.00 ms.
Invoked RoslynAnalysisRunner static constructor.
RoslynAnalysisRunner will not be running.
RoslynAnalysisRunner has terminated.
Mono: successfully reloaded assembly
- Completed reload, in  0.698 seconds
Platform modules already initialized, skipping
Refreshing native plugins compatible for Editor in 0.25 ms, found 0 plugins.
Preloading 0 native plugins for Editor in 0.00 ms.
Unloading 1092 Unused Serialized files (Serialized files now loaded: 0)
System memory in use before: 61.6 MB.
System memory in use after: 61.7 MB.

Unloading 5 unused Assets to reduce memory usage. Loaded Objects now: 1595.
Total: 1.527500 ms (FindLiveObjects: 0.170500 ms CreateObjectMapping: 0.024400 ms MarkObjects: 1.274000 ms  DeleteObjects: 0.057600 ms)

========================================================================
Received Import Request.
  Time since last request: 20.828837 seconds.
  path: Assets/Barrel1.prefab
  artifactKey: Guid(682a2644815a576428671f91e09e6ba6) Importer(815301076,1909f56bfc062723c751e8b465ee728b)
Start importing Assets/Barrel1.prefab using Guid(682a2644815a576428671f91e09e6ba6) Importer(815301076,1909f56bfc062723c751e8b465ee728b)  -> (artifact id: '92d5001b3796fd971797444727d890ec') in 0.060565 seconds
  Import took 0.063780 seconds .

========================================================================
Received Prepare
Registering precompiled user dll's ...
Registered in 0.000583 seconds.
Begin MonoManager ReloadAssembly
Native extension for LinuxStandalone target not found
Native extension for WindowsStandalone target not found
Native extension for OSXStandalone target not found
Native extension for WebGL target not found
Refreshing native plugins compatible for Editor in 0.28 ms, found 0 plugins.
Preloading 0 native plugins for Editor in 0.00 ms.
Invoked RoslynAnalysisRunner static constructor.
RoslynAnalysisRunner will not be running.
RoslynAnalysisRunner has terminated.
Mono: successfully reloaded assembly
- Completed reload, in  0.696 seconds
Platform modules already initialized, skipping
Refreshing native plugins compatible for Editor in 0.23 ms, found 0 plugins.
Preloading 0 native plugins for Editor in 0.00 ms.
Unloading 1092 Unused Serialized files (Serialized files now loaded: 0)
System memory in use before: 61.8 MB.
System memory in use after: 61.8 MB.

Unloading 5 unused Assets to reduce memory usage. Loaded Objects now: 1598.
Total: 1.678200 ms (FindLiveObjects: 0.176500 ms CreateObjectMapping: 0.026100 ms MarkObjects: 1.417700 ms  DeleteObjects: 0.057100 ms)

========================================================================
Received Import Request.
  Time since last request: 12.858796 seconds.
  path: Assets/Barrel1.prefab
  artifactKey: Guid(682a2644815a576428671f91e09e6ba6) Importer(815301076,1909f56bfc062723c751e8b465ee728b)
Start importing Assets/Barrel1.prefab using Guid(682a2644815a576428671f91e09e6ba6) Importer(815301076,1909f56bfc062723c751e8b465ee728b)  -> (artifact id: '5c14ff99179bdae19d3825779715723e') in 0.061091 seconds
  Import took 0.063623 seconds .

========================================================================
Received Prepare
Registering precompiled user dll's ...
Registered in 0.000507 seconds.
Begin MonoManager ReloadAssembly
Native extension for LinuxStandalone target not found
Native extension for WindowsStandalone target not found
Native extension for OSXStandalone target not found
Native extension for WebGL target not found
Refreshing native plugins compatible for Editor in 0.23 ms, found 0 plugins.
Preloading 0 native plugins for Editor in 0.00 ms.
Invoked RoslynAnalysisRunner static constructor.
RoslynAnalysisRunner will not be running.
RoslynAnalysisRunner has terminated.
Mono: successfully reloaded assembly
- Completed reload, in  0.651 seconds
Platform modules already initialized, skipping
Refreshing native plugins compatible for Editor in 0.20 ms, found 0 plugins.
Preloading 0 native plugins for Editor in 0.00 ms.
Unloading 1092 Unused Serialized files (Serialized files now loaded: 0)
System memory in use before: 61.9 MB.
System memory in use after: 62.0 MB.

Unloading 5 unused Assets to reduce memory usage. Loaded Objects now: 1601.
Total: 1.752700 ms (FindLiveObjects: 0.223900 ms CreateObjectMapping: 0.046200 ms MarkObjects: 1.433200 ms  DeleteObjects: 0.048700 ms)

========================================================================
Received Prepare
Registering precompiled user dll's ...
Registered in 0.000648 seconds.
Begin MonoManager ReloadAssembly
Native extension for LinuxStandalone target not found
Native extension for WindowsStandalone target not found
Native extension for OSXStandalone target not found
Native extension for WebGL target not found
Refreshing native plugins compatible for Editor in 0.23 ms, found 0 plugins.
Preloading 0 native plugins for Editor in 0.00 ms.
Invoked RoslynAnalysisRunner static constructor.
RoslynAnalysisRunner will not be running.
RoslynAnalysisRunner has terminated.
Mono: successfully reloaded assembly
- Completed reload, in  0.680 seconds
Platform modules already initialized, skipping
Refreshing native plugins compatible for Editor in 0.23 ms, found 0 plugins.
Preloading 0 native plugins for Editor in 0.00 ms.
Unloading 1092 Unused Serialized files (Serialized files now loaded: 0)
System memory in use before: 62.0 MB.
System memory in use after: 62.1 MB.

Unloading 5 unused Assets to reduce memory usage. Loaded Objects now: 1603.
Total: 1.497400 ms (FindLiveObjects: 0.153800 ms CreateObjectMapping: 0.028500 ms MarkObjects: 1.269000 ms  DeleteObjects: 0.044900 ms)

========================================================================
Received Prepare
Registering precompiled user dll's ...
Registered in 0.000619 seconds.
Begin MonoManager ReloadAssembly
Native extension for LinuxStandalone target not found
Native extension for WindowsStandalone target not found
Native extension for OSXStandalone target not found
Native extension for WebGL target not found
Refreshing native plugins compatible for Editor in 0.23 ms, found 0 plugins.
Preloading 0 native plugins for Editor in 0.00 ms.
Invoked RoslynAnalysisRunner static constructor.
RoslynAnalysisRunner will not be running.
RoslynAnalysisRunner has terminated.
Mono: successfully reloaded assembly
- Completed reload, in  0.662 seconds
Platform modules already initialized, skipping
Refreshing native plugins compatible for Editor in 0.21 ms, found 0 plugins.
Preloading 0 native plugins for Editor in 0.00 ms.
Unloading 1092 Unused Serialized files (Serialized files now loaded: 0)
System memory in use before: 62.1 MB.
System memory in use after: 62.2 MB.

Unloading 5 unused Assets to reduce memory usage. Loaded Objects now: 1605.
Total: 1.659000 ms (FindLiveObjects: 0.240100 ms CreateObjectMapping: 0.042800 ms MarkObjects: 1.329300 ms  DeleteObjects: 0.045600 ms)

========================================================================
Received Prepare
Registering precompiled user dll's ...
Registered in 0.000534 seconds.
Begin MonoManager ReloadAssembly
Native extension for LinuxStandalone target not found
Native extension for WindowsStandalone target not found
Native extension for OSXStandalone target not found
Native extension for WebGL target not found
Refreshing native plugins compatible for Editor in 0.25 ms, found 0 plugins.
Preloading 0 native plugins for Editor in 0.00 ms.
Invoked RoslynAnalysisRunner static constructor.
RoslynAnalysisRunner will not be running.
RoslynAnalysisRunner has terminated.
Mono: successfully reloaded assembly
- Completed reload, in  0.659 seconds
Platform modules already initialized, skipping
Refreshing native plugins compatible for Editor in 0.21 ms, found 0 plugins.
Preloading 0 native plugins for Editor in 0.00 ms.
Unloading 1092 Unused Serialized files (Serialized files now loaded: 0)
System memory in use before: 62.2 MB.
System memory in use after: 62.3 MB.

Unloading 5 unused Assets to reduce memory usage. Loaded Objects now: 1607.
Total: 1.603000 ms (FindLiveObjects: 0.192700 ms CreateObjectMapping: 0.027800 ms MarkObjects: 1.336300 ms  DeleteObjects: 0.045200 ms)

========================================================================
Received Prepare
Registering precompiled user dll's ...
Registered in 0.000558 seconds.
Begin MonoManager ReloadAssembly
Native extension for LinuxStandalone target not found
Native extension for WindowsStandalone target not found
Native extension for OSXStandalone target not found
Native extension for WebGL target not found
Refreshing native plugins compatible for Editor in 0.24 ms, found 0 plugins.
Preloading 0 native plugins for Editor in 0.00 ms.
Invoked RoslynAnalysisRunner static constructor.
RoslynAnalysisRunner will not be running.
RoslynAnalysisRunner has terminated.
Mono: successfully reloaded assembly
- Completed reload, in  0.649 seconds
Platform modules already initialized, skipping
Refreshing native plugins compatible for Editor in 0.27 ms, found 0 plugins.
Preloading 0 native plugins for Editor in 0.00 ms.
Unloading 1092 Unused Serialized files (Serialized files now loaded: 0)
System memory in use before: 62.3 MB.
System memory in use after: 62.4 MB.

Unloading 5 unused Assets to reduce memory usage. Loaded Objects now: 1609.
Total: 1.539900 ms (FindLiveObjects: 0.178500 ms CreateObjectMapping: 0.029400 ms MarkObjects: 1.282900 ms  DeleteObjects: 0.048100 ms)

========================================================================
Received Import Request.
  Time since last request: 266.073444 seconds.
  path: Assets/Scripts/Player.cs
  artifactKey: Guid(b30efc4f96b4cf9488e15e30d27565c6) Importer(815301076,1909f56bfc062723c751e8b465ee728b)
Start importing Assets/Scripts/Player.cs using Guid(b30efc4f96b4cf9488e15e30d27565c6) Importer(815301076,1909f56bfc062723c751e8b465ee728b)  -> (artifact id: 'b7d4c3952e520b5da914dbe28f63117e') in 0.004027 seconds
  Import took 0.005849 seconds .

========================================================================
Received Import Request.
  Time since last request: 0.024645 seconds.
  path: Assets/Scripts/Player.cs
  artifactKey: Guid(b30efc4f96b4cf9488e15e30d27565c6) Importer(815301076,1909f56bfc062723c751e8b465ee728b)
Start importing Assets/Scripts/Player.cs using Guid(b30efc4f96b4cf9488e15e30d27565c6) Importer(815301076,1909f56bfc062723c751e8b465ee728b)  -> (artifact id: 'b7d4c3952e520b5da914dbe28f63117e') in 0.002241 seconds
  Import took 0.004159 seconds .

========================================================================
Received Prepare
Registering precompiled user dll's ...
Registered in 0.000534 seconds.
Begin MonoManager ReloadAssembly
Native extension for LinuxStandalone target not found
Native extension for WindowsStandalone target not found
Native extension for OSXStandalone target not found
Native extension for WebGL target not found
Refreshing native plugins compatible for Editor in 0.22 ms, found 0 plugins.
Preloading 0 native plugins for Editor in 0.00 ms.
Invoked RoslynAnalysisRunner static constructor.
RoslynAnalysisRunner will not be running.
RoslynAnalysisRunner has terminated.
Mono: successfully reloaded assembly
- Completed reload, in  0.650 seconds
Platform modules already initialized, skipping
Refreshing native plugins compatible for Editor in 0.22 ms, found 0 plugins.
Preloading 0 native plugins for Editor in 0.00 ms.
Unloading 1092 Unused Serialized files (Serialized files now loaded: 0)
System memory in use before: 61.5 MB.
System memory in use after: 61.5 MB.

Unloading 5 unused Assets to reduce memory usage. Loaded Objects now: 1611.
Total: 1.563700 ms (FindLiveObjects: 0.149600 ms CreateObjectMapping: 0.024200 ms MarkObjects: 1.340900 ms  DeleteObjects: 0.048200 ms)

========================================================================
Received Import Request.
  Time since last request: 32.813872 seconds.
  path: Assets/Scripts/Player.cs
  artifactKey: Guid(b30efc4f96b4cf9488e15e30d27565c6) Importer(815301076,1909f56bfc062723c751e8b465ee728b)
Start importing Assets/Scripts/Player.cs using Guid(b30efc4f96b4cf9488e15e30d27565c6) Importer(815301076,1909f56bfc062723c751e8b465ee728b)  -> (artifact id: '6001ba49976194ae8d90c9b7449282be') in 0.003654 seconds
  Import took 0.005261 seconds .

========================================================================
Received Prepare
Registering precompiled user dll's ...
Registered in 0.000505 seconds.
Begin MonoManager ReloadAssembly
Native extension for LinuxStandalone target not found
Native extension for WindowsStandalone target not found
Native extension for OSXStandalone target not found
Native extension for WebGL target not found
Refreshing native plugins compatible for Editor in 0.22 ms, found 0 plugins.
Preloading 0 native plugins for Editor in 0.00 ms.
Invoked RoslynAnalysisRunner static constructor.
RoslynAnalysisRunner will not be running.
RoslynAnalysisRunner has terminated.
Mono: successfully reloaded assembly
- Completed reload, in  0.665 seconds
Platform modules already initialized, skipping
Refreshing native plugins compatible for Editor in 0.20 ms, found 0 plugins.
Preloading 0 native plugins for Editor in 0.00 ms.
Unloading 1092 Unused Serialized files (Serialized files now loaded: 0)
System memory in use before: 61.6 MB.
System memory in use after: 61.7 MB.

Unloading 5 unused Assets to reduce memory usage. Loaded Objects now: 1613.
Total: 1.587400 ms (FindLiveObjects: 0.262200 ms CreateObjectMapping: 0.041600 ms MarkObjects: 1.239100 ms  DeleteObjects: 0.043700 ms)

========================================================================
Received Prepare
Registering precompiled user dll's ...
Registered in 0.000596 seconds.
Begin MonoManager ReloadAssembly
Native extension for LinuxStandalone target not found
Native extension for WindowsStandalone target not found
Native extension for OSXStandalone target not found
Native extension for WebGL target not found
Refreshing native plugins compatible for Editor in 0.24 ms, found 0 plugins.
Preloading 0 native plugins for Editor in 0.00 ms.
Invoked RoslynAnalysisRunner static constructor.
RoslynAnalysisRunner will not be running.
RoslynAnalysisRunner has terminated.
Mono: successfully reloaded assembly
- Completed reload, in  0.651 seconds
Platform modules already initialized, skipping
Refreshing native plugins compatible for Editor in 0.21 ms, found 0 plugins.
Preloading 0 native plugins for Editor in 0.00 ms.
Unloading 1092 Unused Serialized files (Serialized files now loaded: 0)
System memory in use before: 61.7 MB.
System memory in use after: 61.8 MB.

Unloading 5 unused Assets to reduce memory usage. Loaded Objects now: 1615.
Total: 1.594300 ms (FindLiveObjects: 0.164500 ms CreateObjectMapping: 0.027800 ms MarkObjects: 1.349700 ms  DeleteObjects: 0.051600 ms)

AssetImportWorkerClient::OnTransportError - code=2 error=End of file
